---2025-08-29 17:49:32.174550: Decomposition start.---
load: /home/admin/xk/FRATTVAE/results/ZINC_JTVAE_standardized_struct_0829/input_data/params.yml
data: /home/admin/xk/data/FRATTVAE/ZINC_JTVAE_standardized.csv
train: 220011, valid: 24445, test: 5000
useChiral: True, ignore_double: True, max_degree: 16, min_natoms: 1, n_jobs: 16

class increment: 0 -> 33504
reconstruct2D: 1.0000 (249456/249456)
reconstruct3D: 0.9487 (149231/157296)
fragments: 33504, feature: 2048, degree: 6, props: []
fragments per mol: 1 - 12 (mean: 5.6, median: 6.0), mol as a fragment: 956
---2025-08-29 17:54:43.043961: Decomposition done. (elapsed time: 00:00:05:10)---

---2025-09-03 15:30:30.286165: Decomposition start.---
load: /home/admin/xk/FRATTVAE/results/ZINC_JTVAE_standardized_struct_0829/input_data/params.yml
data: /home/admin/xk/data/FRATTVAE/ZINC_JTVAE_standardized.csv
train: 220011, valid: 24445, test: 5000
useChiral: True, ignore_double: True, max_degree: 16, min_natoms: 1, n_jobs: 16

fragments load: /home/admin/xk/FRATTVAE/results/ZINC_JTVAE_standardized_struct_0829/input_data/fragments.csv

reconstruct2D: 1.0000 (249456/249456)
reconstruct3D: 0.9487 (149231/157296)
---2025-09-03 15:52:14.569737: Decomposition start.---
load: /home/admin/xk/FRATTVAE/results/ZINC_JTVAE_standardized_struct_0829/input_data/params.yml
data: /home/admin/xk/data/FRATTVAE/ZINC_JTVAE_standardized.csv
train: 220011, valid: 24445, test: 5000
useChiral: True, ignore_double: True, max_degree: 16, min_natoms: 1, n_jobs: 16

fragments load: /home/admin/xk/FRATTVAE/results/ZINC_JTVAE_standardized_struct_0829/input_data/fragments.csv

reconstruct2D: 1.0000 (249456/249456)
reconstruct3D: 0.9487 (149231/157296)
---2025-09-03 15:57:16.256856: Decomposition start.---
load: /home/admin/xk/FRATTVAE/results/ZINC_JTVAE_standardized_struct_0829/input_data/params.yml
data: /home/admin/xk/data/FRATTVAE/ZINC_JTVAE_standardized.csv
train: 220011, valid: 24445, test: 5000
useChiral: True, ignore_double: True, max_degree: 16, min_natoms: 1, n_jobs: 16

fragments load: /home/admin/xk/FRATTVAE/results/ZINC_JTVAE_standardized_struct_0829/input_data/fragments.csv

reconstruct2D: 1.0000 (249456/249456)
reconstruct3D: 0.9487 (149231/157296)
fragments: 33504, feature: 2048, degree: 6, props: []
fragments per mol: 1 - 12 (mean: 5.6, median: 6.0), mol as a fragment: 956
---2025-09-03 16:01:55.268041: Decomposition done. (elapsed time: 00:00:04:39)---

---2025-09-03 16:32:19.225983: Decomposition start.---
load: /home/admin/xk/FRATTVAE/results/ZINC_JTVAE_standardized_struct_0829/input_data/params.yml
data: /home/admin/xk/data/FRATTVAE/ZINC_JTVAE_standardized.csv
train: 220011, valid: 24445, test: 5000
useChiral: True, ignore_double: True, max_degree: 16, min_natoms: 1, n_jobs: 16

fragments load: /home/admin/xk/FRATTVAE/results/ZINC_JTVAE_standardized_struct_0829/input_data/fragments.csv

reconstruct2D: 1.0000 (249456/249456)
reconstruct3D: 0.9487 (149231/157296)
fragments: 33504, feature: 2048, degree: 6, props: []
fragments per mol: 1 - 12 (mean: 5.6, median: 6.0), mol as a fragment: 956
---2025-09-03 16:37:19.977526: Decomposition done. (elapsed time: 00:00:05:00)---

---2025-09-04 10:35:21.462360: Decomposition start.---
load: /home/admin/xk/FRATTVAE/results/ZINC_JTVAE_standardized_struct_0829/input_data/params.yml
data: /home/admin/xk/data/FRATTVAE/ZINC_JTVAE_standardized.csv
train: 220011, valid: 24445, test: 5000
useChiral: True, ignore_double: True, max_degree: 16, min_natoms: 1, n_jobs: 16

fragments load: /home/admin/xk/FRATTVAE/results/ZINC_JTVAE_standardized_struct_0829/input_data/fragments.csv

reconstruct2D: 1.0000 (249456/249456)
reconstruct3D: 0.9487 (149231/157296)
fragments: 33504, feature: 2048, degree: 6, props: []
fragments per mol: 1 - 12 (mean: 5.6, median: 6.0), mol as a fragment: 956
---2025-09-04 10:40:30.919272: Decomposition done. (elapsed time: 00:00:05:09)---

